<?xml version="1.0" encoding="UTF-8"?>
<testsuite xmlns:xsi="http://www.w3.org/2001/XMLSchema-instance" xsi:noNamespaceSchemaLocation="https://maven.apache.org/surefire/maven-surefire-plugin/xsd/surefire-test-report.xsd" name="cucumberRunners.CucumberRunnerTest" time="20.625" tests="4" errors="0" skipped="0" failures="0">
  <properties>
    <property name="gopherProxySet" value="false"/>
    <property name="awt.toolkit" value="sun.lwawt.macosx.LWCToolkit"/>
    <property name="file.encoding.pkg" value="sun.io"/>
    <property name="java.specification.version" value="1.8"/>
    <property name="sun.cpu.isalist" value=""/>
    <property name="sun.jnu.encoding" value="UTF-8"/>
    <property name="java.class.path" value="/Users/pavaninandipati/GitHubProjects/cucumberjava-example/target/test-classes:/Users/pavaninandipati/GitHubProjects/cucumberjava-example/target/classes:/Users/pavaninandipati/.m2/repository/org/seleniumhq/selenium/selenium-java/3.141.59/selenium-java-3.141.59.jar:/Users/pavaninandipati/.m2/repository/org/seleniumhq/selenium/selenium-api/3.141.59/selenium-api-3.141.59.jar:/Users/pavaninandipati/.m2/repository/org/seleniumhq/selenium/selenium-chrome-driver/3.141.59/selenium-chrome-driver-3.141.59.jar:/Users/pavaninandipati/.m2/repository/org/seleniumhq/selenium/selenium-edge-driver/3.141.59/selenium-edge-driver-3.141.59.jar:/Users/pavaninandipati/.m2/repository/org/seleniumhq/selenium/selenium-firefox-driver/3.141.59/selenium-firefox-driver-3.141.59.jar:/Users/pavaninandipati/.m2/repository/org/seleniumhq/selenium/selenium-ie-driver/3.141.59/selenium-ie-driver-3.141.59.jar:/Users/pavaninandipati/.m2/repository/org/seleniumhq/selenium/selenium-opera-driver/3.141.59/selenium-opera-driver-3.141.59.jar:/Users/pavaninandipati/.m2/repository/org/seleniumhq/selenium/selenium-remote-driver/3.141.59/selenium-remote-driver-3.141.59.jar:/Users/pavaninandipati/.m2/repository/org/seleniumhq/selenium/selenium-safari-driver/3.141.59/selenium-safari-driver-3.141.59.jar:/Users/pavaninandipati/.m2/repository/org/seleniumhq/selenium/selenium-support/3.141.59/selenium-support-3.141.59.jar:/Users/pavaninandipati/.m2/repository/net/bytebuddy/byte-buddy/1.8.15/byte-buddy-1.8.15.jar:/Users/pavaninandipati/.m2/repository/org/apache/commons/commons-exec/1.3/commons-exec-1.3.jar:/Users/pavaninandipati/.m2/repository/com/google/guava/guava/25.0-jre/guava-25.0-jre.jar:/Users/pavaninandipati/.m2/repository/com/google/code/findbugs/jsr305/1.3.9/jsr305-1.3.9.jar:/Users/pavaninandipati/.m2/repository/org/checkerframework/checker-compat-qual/2.0.0/checker-compat-qual-2.0.0.jar:/Users/pavaninandipati/.m2/repository/com/google/errorprone/error_prone_annotations/2.1.3/error_prone_annotations-2.1.3.jar:/Users/pavaninandipati/.m2/repository/com/google/j2objc/j2objc-annotations/1.1/j2objc-annotations-1.1.jar:/Users/pavaninandipati/.m2/repository/org/codehaus/mojo/animal-sniffer-annotations/1.14/animal-sniffer-annotations-1.14.jar:/Users/pavaninandipati/.m2/repository/com/squareup/okhttp3/okhttp/3.11.0/okhttp-3.11.0.jar:/Users/pavaninandipati/.m2/repository/com/squareup/okio/okio/1.14.0/okio-1.14.0.jar:/Users/pavaninandipati/.m2/repository/org/seleniumhq/selenium/selenium-server/3.141.59/selenium-server-3.141.59.jar:/Users/pavaninandipati/.m2/repository/com/beust/jcommander/1.72/jcommander-1.72.jar:/Users/pavaninandipati/.m2/repository/net/jcip/jcip-annotations/1.0/jcip-annotations-1.0.jar:/Users/pavaninandipati/.m2/repository/org/seleniumhq/selenium/jetty-repacked/9.4.12.v20180830/jetty-repacked-9.4.12.v20180830.jar:/Users/pavaninandipati/.m2/repository/javax/servlet/javax.servlet-api/3.1.0/javax.servlet-api-3.1.0.jar:/Users/pavaninandipati/.m2/repository/org/yaml/snakeyaml/1.19/snakeyaml-1.19.jar:/Users/pavaninandipati/.m2/repository/org/testng/testng/6.14.3/testng-6.14.3.jar:/Users/pavaninandipati/.m2/repository/org/apache-extras/beanshell/bsh/2.0b6/bsh-2.0b6.jar:/Users/pavaninandipati/.m2/repository/io/cucumber/cucumber-core/4.0.1/cucumber-core-4.0.1.jar:/Users/pavaninandipati/.m2/repository/io/cucumber/cucumber-html/0.2.7/cucumber-html-0.2.7.jar:/Users/pavaninandipati/.m2/repository/io/cucumber/gherkin/5.1.0/gherkin-5.1.0.jar:/Users/pavaninandipati/.m2/repository/io/cucumber/tag-expressions/1.1.1/tag-expressions-1.1.1.jar:/Users/pavaninandipati/.m2/repository/io/cucumber/cucumber-expressions/6.1.0/cucumber-expressions-6.1.0.jar:/Users/pavaninandipati/.m2/repository/io/cucumber/datatable/1.1.3/datatable-1.1.3.jar:/Users/pavaninandipati/.m2/repository/io/cucumber/datatable-dependencies/1.1.3/datatable-dependencies-1.1.3.jar:/Users/pavaninandipati/.m2/repository/io/cucumber/cucumber-java/4.0.1/cucumber-java-4.0.1.jar:/Users/pavaninandipati/.m2/repository/io/cucumber/cucumber-testng/4.0.1/cucumber-testng-4.0.1.jar:/Users/pavaninandipati/.m2/repository/log4j/log4j/1.2.12/log4j-1.2.12.jar:/Users/pavaninandipati/.m2/repository/org/apache/maven/surefire/surefire-testng-utils/2.22.0/surefire-testng-utils-2.22.0.jar:/Users/pavaninandipati/.m2/repository/org/apache/maven/surefire/surefire-grouper/2.22.0/surefire-grouper-2.22.0.jar:"/>
    <property name="java.vm.vendor" value="Azul Systems, Inc."/>
    <property name="sun.arch.data.model" value="64"/>
    <property name="java.vendor.url" value="http://www.azulsystems.com/"/>
    <property name="user.timezone" value=""/>
    <property name="property" value=""/>
    <property name="java.vm.specification.version" value="1.8"/>
    <property name="os.name" value="Mac OS X"/>
    <property name="user.country" value="GB"/>
    <property name="sun.java.launcher" value="SUN_STANDARD"/>
    <property name="sun.boot.library.path" value="/Users/pavaninandipati/.sdkman/candidates/java/8.0.202-zulu/jre/lib"/>
    <property name="sun.java.command" value="/Users/pavaninandipati/GitHubProjects/cucumberjava-example/target/surefire/surefirebooter7539011287926484877.jar /Users/pavaninandipati/GitHubProjects/cucumberjava-example/target/surefire 2019-03-20T13-00-41_851-jvmRun1 surefire1157124199589888529tmp surefire_06920106609428333539tmp"/>
    <property name="http.nonProxyHosts" value="local|*.local|169.254/16|*.169.254/16"/>
    <property name="surefire.test.class.path" value="/Users/pavaninandipati/GitHubProjects/cucumberjava-example/target/test-classes:/Users/pavaninandipati/GitHubProjects/cucumberjava-example/target/classes:/Users/pavaninandipati/.m2/repository/org/seleniumhq/selenium/selenium-java/3.141.59/selenium-java-3.141.59.jar:/Users/pavaninandipati/.m2/repository/org/seleniumhq/selenium/selenium-api/3.141.59/selenium-api-3.141.59.jar:/Users/pavaninandipati/.m2/repository/org/seleniumhq/selenium/selenium-chrome-driver/3.141.59/selenium-chrome-driver-3.141.59.jar:/Users/pavaninandipati/.m2/repository/org/seleniumhq/selenium/selenium-edge-driver/3.141.59/selenium-edge-driver-3.141.59.jar:/Users/pavaninandipati/.m2/repository/org/seleniumhq/selenium/selenium-firefox-driver/3.141.59/selenium-firefox-driver-3.141.59.jar:/Users/pavaninandipati/.m2/repository/org/seleniumhq/selenium/selenium-ie-driver/3.141.59/selenium-ie-driver-3.141.59.jar:/Users/pavaninandipati/.m2/repository/org/seleniumhq/selenium/selenium-opera-driver/3.141.59/selenium-opera-driver-3.141.59.jar:/Users/pavaninandipati/.m2/repository/org/seleniumhq/selenium/selenium-remote-driver/3.141.59/selenium-remote-driver-3.141.59.jar:/Users/pavaninandipati/.m2/repository/org/seleniumhq/selenium/selenium-safari-driver/3.141.59/selenium-safari-driver-3.141.59.jar:/Users/pavaninandipati/.m2/repository/org/seleniumhq/selenium/selenium-support/3.141.59/selenium-support-3.141.59.jar:/Users/pavaninandipati/.m2/repository/net/bytebuddy/byte-buddy/1.8.15/byte-buddy-1.8.15.jar:/Users/pavaninandipati/.m2/repository/org/apache/commons/commons-exec/1.3/commons-exec-1.3.jar:/Users/pavaninandipati/.m2/repository/com/google/guava/guava/25.0-jre/guava-25.0-jre.jar:/Users/pavaninandipati/.m2/repository/com/google/code/findbugs/jsr305/1.3.9/jsr305-1.3.9.jar:/Users/pavaninandipati/.m2/repository/org/checkerframework/checker-compat-qual/2.0.0/checker-compat-qual-2.0.0.jar:/Users/pavaninandipati/.m2/repository/com/google/errorprone/error_prone_annotations/2.1.3/error_prone_annotations-2.1.3.jar:/Users/pavaninandipati/.m2/repository/com/google/j2objc/j2objc-annotations/1.1/j2objc-annotations-1.1.jar:/Users/pavaninandipati/.m2/repository/org/codehaus/mojo/animal-sniffer-annotations/1.14/animal-sniffer-annotations-1.14.jar:/Users/pavaninandipati/.m2/repository/com/squareup/okhttp3/okhttp/3.11.0/okhttp-3.11.0.jar:/Users/pavaninandipati/.m2/repository/com/squareup/okio/okio/1.14.0/okio-1.14.0.jar:/Users/pavaninandipati/.m2/repository/org/seleniumhq/selenium/selenium-server/3.141.59/selenium-server-3.141.59.jar:/Users/pavaninandipati/.m2/repository/com/beust/jcommander/1.72/jcommander-1.72.jar:/Users/pavaninandipati/.m2/repository/net/jcip/jcip-annotations/1.0/jcip-annotations-1.0.jar:/Users/pavaninandipati/.m2/repository/org/seleniumhq/selenium/jetty-repacked/9.4.12.v20180830/jetty-repacked-9.4.12.v20180830.jar:/Users/pavaninandipati/.m2/repository/javax/servlet/javax.servlet-api/3.1.0/javax.servlet-api-3.1.0.jar:/Users/pavaninandipati/.m2/repository/org/yaml/snakeyaml/1.19/snakeyaml-1.19.jar:/Users/pavaninandipati/.m2/repository/org/testng/testng/6.14.3/testng-6.14.3.jar:/Users/pavaninandipati/.m2/repository/org/apache-extras/beanshell/bsh/2.0b6/bsh-2.0b6.jar:/Users/pavaninandipati/.m2/repository/io/cucumber/cucumber-core/4.0.1/cucumber-core-4.0.1.jar:/Users/pavaninandipati/.m2/repository/io/cucumber/cucumber-html/0.2.7/cucumber-html-0.2.7.jar:/Users/pavaninandipati/.m2/repository/io/cucumber/gherkin/5.1.0/gherkin-5.1.0.jar:/Users/pavaninandipati/.m2/repository/io/cucumber/tag-expressions/1.1.1/tag-expressions-1.1.1.jar:/Users/pavaninandipati/.m2/repository/io/cucumber/cucumber-expressions/6.1.0/cucumber-expressions-6.1.0.jar:/Users/pavaninandipati/.m2/repository/io/cucumber/datatable/1.1.3/datatable-1.1.3.jar:/Users/pavaninandipati/.m2/repository/io/cucumber/datatable-dependencies/1.1.3/datatable-dependencies-1.1.3.jar:/Users/pavaninandipati/.m2/repository/io/cucumber/cucumber-java/4.0.1/cucumber-java-4.0.1.jar:/Users/pavaninandipati/.m2/repository/io/cucumber/cucumber-testng/4.0.1/cucumber-testng-4.0.1.jar:/Users/pavaninandipati/.m2/repository/log4j/log4j/1.2.12/log4j-1.2.12.jar:/Users/pavaninandipati/.m2/repository/org/apache/maven/surefire/surefire-testng-utils/2.22.0/surefire-testng-utils-2.22.0.jar:/Users/pavaninandipati/.m2/repository/org/apache/maven/surefire/surefire-grouper/2.22.0/surefire-grouper-2.22.0.jar:"/>
    <property name="sun.cpu.endian" value="little"/>
    <property name="user.home" value="/Users/pavaninandipati"/>
    <property name="user.language" value="en"/>
    <property name="java.specification.vendor" value="Oracle Corporation"/>
    <property name="java.home" value="/Users/pavaninandipati/.sdkman/candidates/java/8.0.202-zulu/jre"/>
    <property name="tags" value="@test"/>
    <property name="basedir" value="/Users/pavaninandipati/GitHubProjects/cucumberjava-example"/>
    <property name="file.separator" value="/"/>
    <property name="line.separator" value="&#10;"/>
    <property name="java.vm.specification.vendor" value="Oracle Corporation"/>
    <property name="java.specification.name" value="Java Platform API Specification"/>
    <property name="java.awt.graphicsenv" value="sun.awt.CGraphicsEnvironment"/>
    <property name="surefire.real.class.path" value="/Users/pavaninandipati/GitHubProjects/cucumberjava-example/target/surefire/surefirebooter7539011287926484877.jar"/>
    <property name="sun.boot.class.path" value="/Users/pavaninandipati/.sdkman/candidates/java/8.0.202-zulu/jre/lib/resources.jar:/Users/pavaninandipati/.sdkman/candidates/java/8.0.202-zulu/jre/lib/rt.jar:/Users/pavaninandipati/.sdkman/candidates/java/8.0.202-zulu/jre/lib/sunrsasign.jar:/Users/pavaninandipati/.sdkman/candidates/java/8.0.202-zulu/jre/lib/jsse.jar:/Users/pavaninandipati/.sdkman/candidates/java/8.0.202-zulu/jre/lib/jce.jar:/Users/pavaninandipati/.sdkman/candidates/java/8.0.202-zulu/jre/lib/charsets.jar:/Users/pavaninandipati/.sdkman/candidates/java/8.0.202-zulu/jre/lib/jfr.jar:/Users/pavaninandipati/.sdkman/candidates/java/8.0.202-zulu/jre/classes"/>
    <property name="sun.management.compiler" value="HotSpot 64-Bit Tiered Compilers"/>
    <property name="ftp.nonProxyHosts" value="local|*.local|169.254/16|*.169.254/16"/>
    <property name="java.runtime.version" value="1.8.0_202-b05"/>
    <property name="user.name" value="pavaninandipati"/>
    <property name="path.separator" value=":"/>
    <property name="os.version" value="10.14.1"/>
    <property name="java.endorsed.dirs" value="/Users/pavaninandipati/.sdkman/candidates/java/8.0.202-zulu/jre/lib/endorsed"/>
    <property name="java.runtime.name" value="OpenJDK Runtime Environment"/>
    <property name="file.encoding" value="UTF-8"/>
    <property name="java.vm.name" value="OpenJDK 64-Bit Server VM"/>
    <property name="localRepository" value="/Users/pavaninandipati/.m2/repository"/>
    <property name="java.vendor.url.bug" value="http://www.azulsystems.com/support/"/>
    <property name="java.io.tmpdir" value="/var/folders/8p/3m50jvc53h7_02gd4d7szlhh0000gn/T/"/>
    <property name="idea.version" value="2018.3.1"/>
    <property name="java.version" value="1.8.0_202"/>
    <property name="user.dir" value="/Users/pavaninandipati/GitHubProjects/cucumberjava-example"/>
    <property name="os.arch" value="x86_64"/>
    <property name="java.vm.specification.name" value="Java Virtual Machine Specification"/>
    <property name="java.awt.printerjob" value="sun.lwawt.macosx.CPrinterJob"/>
    <property name="sun.os.patch.level" value="unknown"/>
    <property name="java.library.path" value="/Users/pavaninandipati/Library/Java/Extensions:/Library/Java/Extensions:/Network/Library/Java/Extensions:/System/Library/Java/Extensions:/usr/lib/java:."/>
    <property name="java.vm.info" value="mixed mode"/>
    <property name="java.vendor" value="Azul Systems, Inc."/>
    <property name="java.vm.version" value="25.202-b05"/>
    <property name="java.ext.dirs" value="/Users/pavaninandipati/Library/Java/Extensions:/Users/pavaninandipati/.sdkman/candidates/java/8.0.202-zulu/jre/lib/ext:/Library/Java/Extensions:/Network/Library/Java/Extensions:/System/Library/Java/Extensions:/usr/lib/java"/>
    <property name="sun.io.unicode.encoding" value="UnicodeBig"/>
    <property name="java.class.version" value="52.0"/>
    <property name="socksNonProxyHosts" value="local|*.local|169.254/16|*.169.254/16"/>
  </properties>
  <testcase name="runScenario" classname="cucumberRunners.CucumberRunnerTest" time="5.472"/>
  <testcase name="runScenario" classname="cucumberRunners.CucumberRunnerTest" time="4.837"/>
  <testcase name="runScenario" classname="cucumberRunners.CucumberRunnerTest" time="4.949"/>
  <testcase name="runScenario" classname="cucumberRunners.CucumberRunnerTest" time="5.021"/>
</testsuite>