<?xml version="1.0" encoding="UTF-8"?>
<!-- Generated by org.testng.reporters.JUnitReportReporter -->
<testsuite skipped="0" hostname="Pavanis-MBP.connect" name="cucumberRunners.CucumberRunnerTest" tests="4" failures="0" timestamp="20 Mar 2019 13:01:02 GMT" time="20.279" errors="0">
  <testcase name="runScenario" time="5.021" classname="cucumberRunners.CucumberRunnerTest"/>
  <testcase name="runScenario" time="4.838" classname="cucumberRunners.CucumberRunnerTest"/>
  <testcase name="runScenario" time="5.471" classname="cucumberRunners.CucumberRunnerTest"/>
  <testcase name="runScenario" time="4.949" classname="cucumberRunners.CucumberRunnerTest"/>
</testsuite> <!-- cucumberRunners.CucumberRunnerTest -->
